<?xml version="1.0" encoding="UTF-8"?>
<!-- Generated by org.testng.reporters.JUnitReportReporter -->
<testsuite skipped="0" hostname="LAPTOP-SKAQSRMP" name="com.demo.test.Demo" tests="1" failures="0" timestamp="16 Mar 2019 07:55:10 GMT" time="38.957" errors="0">
  <testcase name="login" time="38.957" classname="com.demo.test.Demo"/>
</testsuite> <!-- com.demo.test.Demo -->
