<?xml version="1.0" encoding="UTF-8"?>
<!-- Generated by org.testng.reporters.JUnitReportReporter -->
<testsuite skipped="0" hostname="LAPTOP-SKAQSRMP" name="com.demo.test.Demo" tests="1" failures="0" timestamp="16 Mar 2019 21:15:31 GMT" time="40.272" errors="0">
  <testcase name="login" time="40.272" classname="com.demo.test.Demo"/>
</testsuite> <!-- com.demo.test.Demo -->
