<?xml version="1.0" encoding="UTF-8"?>
<!-- Generated by org.testng.reporters.JUnitReportReporter -->
<testsuite skipped="0" hostname="LAPTOP-SKAQSRMP" name="com.demo.test.Demo" tests="1" failures="0" timestamp="16 Mar 2019 07:57:02 GMT" time="24.216" errors="0">
  <testcase name="login" time="24.216" classname="com.demo.test.Demo"/>
</testsuite> <!-- com.demo.test.Demo -->
